<?xml version="1.0" encoding="UTF-8" standalone="no"?><testsuite errors="1" failures="0" name="Submit a form" skipped="0" tests="1" time="49.82" timestamp="2024-10-08 11:12:27"><testcase name="Submit a test form on Luma page"><error message="element not interactable&#10;  (Session info: chrome=129.0.6668.90)&#10;Build info: version: '4.21.0', revision: '79ed462ef4'&#10;System info: os.name: 'Windows 10', os.arch: 'amd64', os.version: '10.0', java.version: '17.0.8'&#10;Driver info: org.openqa.selenium.chrome.ChromeDriver&#10;Command: [f3be6c8dc5f9e9ce3cce86073673f6f3, clearElement {id=f.37A4F842E3A2DDC5A52D2E06FC05B122.d.C6A44CC52AEF426BCF1535DC19E46670.e.303}]&#10;Capabilities {acceptInsecureCerts: true, browserName: chrome, browserVersion: 129.0.6668.90, chrome: {chromedriverVersion: 129.0.6668.91 (b00bc8b76d60..., userDataDir: C:\Users\ISABEL~1.SAN\AppDa...}, fedcm:accounts: true, goog:chromeOptions: {debuggerAddress: localhost:58873}, networkConnectionEnabled: false, pageLoadStrategy: normal, platformName: windows, proxy: Proxy(), se:cdp: ws://localhost:58873/devtoo..., se:cdpVersion: 129.0.6668.90, setWindowRect: true, strictFileInteractability: false, timeouts: {implicit: 0, pageLoad: 300000, script: 30000}, unhandledPromptBehavior: dismiss and notify, webauthn:extension:credBlob: true, webauthn:extension:largeBlob: true, webauthn:extension:minPinLength: true, webauthn:extension:prf: true, webauthn:virtualAuthenticators: true}&#10;Element: [[ChromeDriver: chrome on windows (f3be6c8dc5f9e9ce3cce86073673f6f3)] -&gt; name: firstname]&#10;Session ID: f3be6c8dc5f9e9ce3cce86073673f6f3" type="org.openqa.selenium.ElementNotInteractableException">element not interactable
  (Session info: chrome=129.0.6668.90)
Build info: version: '4.21.0', revision: '79ed462ef4'
System info: os.name: 'Windows 10', os.arch: 'amd64', os.version: '10.0', java.version: '17.0.8'
Driver info: org.openqa.selenium.chrome.ChromeDriver
Command: [f3be6c8dc5f9e9ce3cce86073673f6f3, clearElement {id=f.37A4F842E3A2DDC5A52D2E06FC05B122.d.C6A44CC52AEF426BCF1535DC19E46670.e.303}]
Capabilities {acceptInsecureCerts: true, browserName: chrome, browserVersion: 129.0.6668.90, chrome: {chromedriverVersion: 129.0.6668.91 (b00bc8b76d60..., userDataDir: C:\Users\ISABEL~1.SAN\AppDa...}, fedcm:accounts: true, goog:chromeOptions: {debuggerAddress: localhost:58873}, networkConnectionEnabled: false, pageLoadStrategy: normal, platformName: windows, proxy: Proxy(), se:cdp: ws://localhost:58873/devtoo..., se:cdpVersion: 129.0.6668.90, setWindowRect: true, strictFileInteractability: false, timeouts: {implicit: 0, pageLoad: 300000, script: 30000}, unhandledPromptBehavior: dismiss and notify, webauthn:extension:credBlob: true, webauthn:extension:largeBlob: true, webauthn:extension:minPinLength: true, webauthn:extension:prf: true, webauthn:virtualAuthenticators: true}
Element: [[ChromeDriver: chrome on windows (f3be6c8dc5f9e9ce3cce86073673f6f3)] -&gt; name: firstname]
Session ID: f3be6c8dc5f9e9ce3cce86073673f6f3</error><system-err>element not interactable
  (Session info: chrome=129.0.6668.90)
Build info: version: '4.21.0', revision: '79ed462ef4'
System info: os.name: 'Windows 10', os.arch: 'amd64', os.version: '10.0', java.version: '17.0.8'
Driver info: org.openqa.selenium.chrome.ChromeDriver
Command: [f3be6c8dc5f9e9ce3cce86073673f6f3, clearElement {id=f.37A4F842E3A2DDC5A52D2E06FC05B122.d.C6A44CC52AEF426BCF1535DC19E46670.e.303}]
Capabilities {acceptInsecureCerts: true, browserName: chrome, browserVersion: 129.0.6668.90, chrome: {chromedriverVersion: 129.0.6668.91 (b00bc8b76d60..., userDataDir: C:\Users\ISABEL~1.SAN\AppDa...}, fedcm:accounts: true, goog:chromeOptions: {debuggerAddress: localhost:58873}, networkConnectionEnabled: false, pageLoadStrategy: normal, platformName: windows, proxy: Proxy(), se:cdp: ws://localhost:58873/devtoo..., se:cdpVersion: 129.0.6668.90, setWindowRect: true, strictFileInteractability: false, timeouts: {implicit: 0, pageLoad: 300000, script: 30000}, unhandledPromptBehavior: dismiss and notify, webauthn:extension:credBlob: true, webauthn:extension:largeBlob: true, webauthn:extension:minPinLength: true, webauthn:extension:prf: true, webauthn:virtualAuthenticators: true}
Element: [[ChromeDriver: chrome on windows (f3be6c8dc5f9e9ce3cce86073673f6f3)] -&gt; name: firstname]
Session ID: f3be6c8dc5f9e9ce3cce86073673f6f3&#13;
com.uam.automation.ui.tasks.ShippingFormAddress.performAs(ShippingFormAddress.java:44)&#13;
com.uam.automation.ui.stepdefinitions.PurchaseStepDefinitions.shouldSeeFormSubmitted(PurchaseStepDefinitions.java:29)&#13;
✽.she transaction success message is generated(classpath:features/successful_purchase.feature:5)&#13;
</system-err></testcase></testsuite>