<?xml version="1.0" encoding="UTF-8" standalone="no"?><testsuite errors="1" failures="0" name="Submit a form" skipped="0" tests="1" time="6.97" timestamp="2024-10-08 07:40:20"><testcase name="Submit a test form on Luma page"><error message="The following error occurred: unknown error: net::ERR_NAME_NOT_RESOLVED&#10;  (Session info: chrome=129.0.6668.90)&#10;Build info: version: '4.21.0', revision: '79ed462ef4'&#10;System info: os.name: 'Windows 10', os.arch: 'amd64', os.version: '10.0', java.version: '17.0.8'&#10;Driver info: org.openqa.selenium.chrome.ChromeDriver&#10;Command: [17365579f7d3153bb50ce61a998e69a7, get {url=https://magento.softwaretestingboard.com/}]&#10;Capabilities {acceptInsecureCerts: true, browserName: chrome, browserVersion: 129.0.6668.90, chrome: {chromedriverVersion: 129.0.6668.91 (b00bc8b76d60..., userDataDir: C:\Users\ISABEL~1.SAN\AppDa...}, fedcm:accounts: true, goog:chromeOptions: {debuggerAddress: localhost:65220}, networkConnectionEnabled: false, pageLoadStrategy: normal, platformName: windows, proxy: Proxy(), se:cdp: ws://localhost:65220/devtoo..., se:cdpVersion: 129.0.6668.90, setWindowRect: true, strictFileInteractability: false, timeouts: {implicit: 0, pageLoad: 300000, script: 30000}, unhandledPromptBehavior: dismiss and notify, webauthn:extension:credBlob: true, webauthn:extension:largeBlob: true, webauthn:extension:minPinLength: true, webauthn:extension:prf: true, webauthn:virtualAuthenticators: true}&#10;Session ID: 17365579f7d3153bb50ce61a998e69a7" type="org.openqa.selenium.WebDriverException">The following error occurred: unknown error: net::ERR_NAME_NOT_RESOLVED
  (Session info: chrome=129.0.6668.90)
Build info: version: '4.21.0', revision: '79ed462ef4'
System info: os.name: 'Windows 10', os.arch: 'amd64', os.version: '10.0', java.version: '17.0.8'
Driver info: org.openqa.selenium.chrome.ChromeDriver
Command: [17365579f7d3153bb50ce61a998e69a7, get {url=https://magento.softwaretestingboard.com/}]
Capabilities {acceptInsecureCerts: true, browserName: chrome, browserVersion: 129.0.6668.90, chrome: {chromedriverVersion: 129.0.6668.91 (b00bc8b76d60..., userDataDir: C:\Users\ISABEL~1.SAN\AppDa...}, fedcm:accounts: true, goog:chromeOptions: {debuggerAddress: localhost:65220}, networkConnectionEnabled: false, pageLoadStrategy: normal, platformName: windows, proxy: Proxy(), se:cdp: ws://localhost:65220/devtoo..., se:cdpVersion: 129.0.6668.90, setWindowRect: true, strictFileInteractability: false, timeouts: {implicit: 0, pageLoad: 300000, script: 30000}, unhandledPromptBehavior: dismiss and notify, webauthn:extension:credBlob: true, webauthn:extension:largeBlob: true, webauthn:extension:minPinLength: true, webauthn:extension:prf: true, webauthn:virtualAuthenticators: true}
Session ID: 17365579f7d3153bb50ce61a998e69a7</error><system-err>The following error occurred: unknown error: net::ERR_NAME_NOT_RESOLVED
  (Session info: chrome=129.0.6668.90)
Build info: version: '4.21.0', revision: '79ed462ef4'
System info: os.name: 'Windows 10', os.arch: 'amd64', os.version: '10.0', java.version: '17.0.8'
Driver info: org.openqa.selenium.chrome.ChromeDriver
Command: [17365579f7d3153bb50ce61a998e69a7, get {url=https://magento.softwaretestingboard.com/}]
Capabilities {acceptInsecureCerts: true, browserName: chrome, browserVersion: 129.0.6668.90, chrome: {chromedriverVersion: 129.0.6668.91 (b00bc8b76d60..., userDataDir: C:\Users\ISABEL~1.SAN\AppDa...}, fedcm:accounts: true, goog:chromeOptions: {debuggerAddress: localhost:65220}, networkConnectionEnabled: false, pageLoadStrategy: normal, platformName: windows, proxy: Proxy(), se:cdp: ws://localhost:65220/devtoo..., se:cdpVersion: 129.0.6668.90, setWindowRect: true, strictFileInteractability: false, timeouts: {implicit: 0, pageLoad: 300000, script: 30000}, unhandledPromptBehavior: dismiss and notify, webauthn:extension:credBlob: true, webauthn:extension:largeBlob: true, webauthn:extension:minPinLength: true, webauthn:extension:prf: true, webauthn:virtualAuthenticators: true}
Session ID: 17365579f7d3153bb50ce61a998e69a7&#13;
com.uam.automation.ui.tasks.Login.performAs(Login.java:14)&#13;
com.uam.automation.ui.stepdefinitions.PurchaseStepDefinitions.navigatingOnInternet(PurchaseStepDefinitions.java:17)&#13;
worker.org.gradle.process.internal.worker.GradleWorkerMain.run(GradleWorkerMain.java:69)&#13;
worker.org.gradle.process.internal.worker.GradleWorkerMain.main(GradleWorkerMain.java:74)&#13;
</system-err></testcase></testsuite>